GDRE Tools v2.4.0
Windows 10.0.19045, headless
Opening file: d:/SteamLibrary/steamapps/common/Buckshot Roulette/Buckshot Roulette_windows/Buckshot Roulette.pck
Loaded 1883 imported files
Detected Engine Version: 4.5.1
Detected Bytecode Revision: 4.5.0-stable (ebc36a7)
Successfully loaded PCK!
Version: 4.5.1
Verified 3868 files, no errors detected!
Extracted 3868 files, no errors detected!
Recreating plugin configs...
Loading resource strings, this may take a while!!
Resource strings loaded!
WARNING: Some scenes can fail to export in headless mode. This is due to a limitation of the Godot engine.
If some scenes fail to export, try running in GUI mode.

Exporting scenes...
*** Exporting 136 scenes took 17.57s

Saved project config.


********************************EXPORT REPORT********************************

Totals:                                 
Decompiled scripts:                     252
Failed scripts:                         0
Imported resources for export session:  1883
Successfully converted:                 1883
Lossy:                                  875
Rewrote metadata:                       1502
Non-importable conversions:             0
Not converted:                          0
Failed conversions:                     0
-------------




---------------------------------IMPORTANT NOTES----------------------------------


Translation Export Incomplete:
Could not recover 1/113 keys for res://localization/Buckshot Roulette - Localization Sheet - Sheet47.csv
Could not recover 7/196 keys for res://multiplayer/mp_localization/Buckshot Roulette - Localization Sheet - multiplayer24.csv




------------------------------------------------------------------------------------

Use Godot editor version 4.5.1 to edit the project.
Note: the project may be using a custom version of Godot. Detection for this has not been implemented yet.
If you find that you have many non-import errors upon opening the project 
(i.e. scripts or shaders have many errors), use the original game's binary as the export template.

*******************************************************************************

Recovery finished in 01m08s
